<?xml version="1.0" encoding="UTF-8"?>
<!-- Generated by org.testng.reporters.JUnitReportReporter -->
<testsuite hostname="DESKTOP-EF251PM" failures="0" tests="1" name="com.mystore.testcases.TC_LoginPage" time="0.682" errors="0" timestamp="2024-07-07T18:11:30 IST" skipped="0">
  <testcase classname="com.mystore.testcases.TC_LoginPage" name="login" time="0.682"/>
</testsuite> <!-- com.mystore.testcases.TC_LoginPage -->
